info it worked if it ends with ok
verbose cli [ 'node', '/usr/local/bin/npm', 'search', 'couchdb' ]
info using npm@1.1.21
info using node@v0.6.17
verbose config file /home/paul/.npmrc
verbose config file /usr/local/etc/npmrc
verbose config file /usr/local/lib/node_modules/npm/npmrc
WARN Building the local index for the first time, please be patient
verbose raw, before any munging /-/all
verbose url resolving [ 'https://registry.npmjs.org/', './-/all' ]
verbose url resolved https://registry.npmjs.org/-/all
http GET https://registry.npmjs.org/-/all
ERR! Error: getaddrinfo ENOENT
ERR!     at errnoException (dns.js:31:11)
ERR!     at Object.onanswer [as oncomplete] (dns.js:140:16)
ERR! You may report this log at:
ERR!     <http://github.com/isaacs/npm/issues>
ERR! or email it to:
ERR!     <npm-@googlegroups.com>
ERR! 
ERR! System Linux 3.2.0-24-generic
ERR! command "node" "/usr/local/bin/npm" "search" "couchdb"
ERR! cwd /home/paul/Dropbox/work/rt7/db
ERR! node -v v0.6.17
ERR! npm -v 1.1.21
ERR! syscall getaddrinfo
ERR! code ENOTFOUND
ERR! message getaddrinfo ENOENT
ERR! errno {}
verbose exit [ 1, true ]
